PJ_V2/app/build/intermediates/manifest_merge_blame_file/debug/manifest-merger-blame-debug-report.txt
1<?xml version="1.0" encoding="utf-8"?>
2<manifest xmlns:android="http://schemas.android.com/apk/res/android"
3    package="vn.edu.usth.pj"
4    android:versionCode="1"
5    android:versionName="1.0" >
6
7    <uses-sdk
8        android:minSdkVersion="21"
8-->src\main\AndroidManifest.xml
9        android:targetSdkVersion="30" />
9-->src\main\AndroidManifest.xml
10
11    <uses-permission android:name="android.permission.INTERNET" />
11-->src\main\AndroidManifest.xml:5:5-67
11-->src\main\AndroidManifest.xml:5:22-64
12
13    <application
13-->src\main\AndroidManifest.xml:7:5-39:19
14        android:allowBackup="true"
14-->src\main\AndroidManifest.xml:8:9-35
15        android:appComponentFactory="androidx.core.app.CoreComponentFactory"
15-->[androidx.core:core:1.5.0] AndroidManifest.xml:24:18-86
16        android:configChanges="orientation|screenSize"
16-->src\main\AndroidManifest.xml:9:9-55
17        android:debuggable="true"
18        android:icon="@mipmap/ic_launcher"
18-->src\main\AndroidManifest.xml:10:9-43
19        android:label="@string/app_name"
19-->src\main\AndroidManifest.xml:11:9-41
20        android:roundIcon="@mipmap/ic_launcher_round"
20-->src\main\AndroidManifest.xml:12:9-54
21        android:supportsRtl="true"
21-->src\main\AndroidManifest.xml:13:9-35
22        android:testOnly="true"
23        android:theme="@style/Theme.PJ" >
23-->src\main\AndroidManifest.xml:14:9-40
24        <activity
24-->src\main\AndroidManifest.xml:15:9-17:40
25            android:name="vn.edu.usth.pj.Register"
25-->src\main\AndroidManifest.xml:16:13-37
26            android:exported="false" />
26-->src\main\AndroidManifest.xml:17:13-37
27        <activity
27-->src\main\AndroidManifest.xml:18:9-25:20
28            android:name="vn.edu.usth.pj.SettingsActivity"
28-->src\main\AndroidManifest.xml:19:13-45
29            android:label="Settings"
29-->src\main\AndroidManifest.xml:20:13-37
30            android:parentActivityName="vn.edu.usth.pj.MainActivity" >
30-->src\main\AndroidManifest.xml:21:13-55
31            <meta-data
31-->src\main\AndroidManifest.xml:22:13-24:49
32                android:name="android.support.PARENT_ACTIVITY"
32-->src\main\AndroidManifest.xml:23:17-63
33                android:value=".MainActivity" />
33-->src\main\AndroidManifest.xml:24:17-46
34        </activity>
35        <activity
35-->src\main\AndroidManifest.xml:26:9-28:39
36            android:name="vn.edu.usth.pj.Page"
36-->src\main\AndroidManifest.xml:27:13-33
37            android:exported="true" />
37-->src\main\AndroidManifest.xml:28:13-36
38        <activity
38-->src\main\AndroidManifest.xml:29:9-37:20
39            android:name="vn.edu.usth.pj.MainActivity"
39-->src\main\AndroidManifest.xml:30:13-41
40            android:exported="true" >
40-->src\main\AndroidManifest.xml:31:13-36
41            <intent-filter>
41-->src\main\AndroidManifest.xml:32:13-36:29
42                <action android:name="android.intent.action.MAIN" />
42-->src\main\AndroidManifest.xml:33:17-69
42-->src\main\AndroidManifest.xml:33:25-66
43
44                <category android:name="android.intent.category.LAUNCHER" />
44-->src\main\AndroidManifest.xml:35:17-77
44-->src\main\AndroidManifest.xml:35:27-74
45            </intent-filter>
46        </activity>
47        <activity android:name="vn.edu.usth.pj.Setting" />
47-->src\main\AndroidManifest.xml:38:9-45
47-->src\main\AndroidManifest.xml:38:19-42
48
49        <provider
49-->[com.squareup.picasso:picasso:2.71828] AndroidManifest.xml:8:9-11:40
50            android:name="com.squareup.picasso.PicassoProvider"
50-->[com.squareup.picasso:picasso:2.71828] AndroidManifest.xml:9:13-64
51            android:authorities="vn.edu.usth.pj.com.squareup.picasso"
51-->[com.squareup.picasso:picasso:2.71828] AndroidManifest.xml:10:13-72
52            android:exported="false" />
52-->[com.squareup.picasso:picasso:2.71828] AndroidManifest.xml:11:13-37
53
54        <service
54-->[androidx.room:room-runtime:2.2.5] AndroidManifest.xml:25:9-28:40
55            android:name="androidx.room.MultiInstanceInvalidationService"
55-->[androidx.room:room-runtime:2.2.5] AndroidManifest.xml:26:13-74
56            android:directBootAware="true"
56-->[androidx.room:room-runtime:2.2.5] AndroidManifest.xml:27:13-43
57            android:exported="false" />
57-->[androidx.room:room-runtime:2.2.5] AndroidManifest.xml:28:13-37
58    </application>
59
60</manifest>